[2023-01-06 20:47:09,368] INFO [__init__():353] [1500441-140237929133888] Will watch for changes in these directories: ['/home/anindya/Documents/Github/YogaPoseGNNAPI']
[2023-01-06 20:47:09,368] INFO [bind_socket():581] [1500441-140237929133888] Uvicorn running on http://0.0.0.0:9001 (Press CTRL+C to quit)
[2023-01-06 20:47:09,368] INFO [startup():72] [1500441-140237929133888] Started reloader process [1500441] using WatchFiles
[2023-01-06 20:47:11,511] INFO [serve():75] [1500486-139953597986624] Started server process [1500486]
[2023-01-06 20:47:11,511] INFO [startup():47] [1500486-139953597986624] Waiting for application startup.
[2023-01-06 20:47:11,511] INFO [startup_event():44] [1500486-139953597986624] => Running environment: development
[2023-01-06 20:47:11,511] INFO [startup_event():45] [1500486-139953597986624] => PyTorch using device: cuda
[2023-01-06 20:47:11,588] INFO [_log_changes():286] [1500441-140237929133888] 1 change detected
[2023-01-06 20:47:11,690] INFO [_log_changes():286] [1500441-140237929133888] 1 change detected
[2023-01-06 20:47:11,790] INFO [_log_changes():286] [1500441-140237929133888] 1 change detected
[2023-01-06 20:47:11,891] INFO [_log_changes():286] [1500441-140237929133888] 1 change detected
[2023-01-06 20:47:11,992] INFO [_log_changes():286] [1500441-140237929133888] 1 change detected
[2023-01-06 20:47:12,092] INFO [_log_changes():286] [1500441-140237929133888] 1 change detected
[2023-01-06 20:47:12,193] INFO [_log_changes():286] [1500441-140237929133888] 1 change detected
[2023-01-06 20:47:12,293] INFO [_log_changes():286] [1500441-140237929133888] 1 change detected
[2023-01-06 20:47:12,394] INFO [_log_changes():286] [1500441-140237929133888] 1 change detected
[2023-01-06 20:47:12,495] INFO [_log_changes():286] [1500441-140237929133888] 1 change detected
[2023-01-06 20:47:12,642] INFO [_log_changes():286] [1500441-140237929133888] 1 change detected
[2023-01-06 20:47:12,707] INFO [load_model():114] [1500486-139953597986624] => Model loaded successfully
[2023-01-06 20:47:12,708] INFO [startup_event():49] [1500486-139953597986624] => Server listening on PORT
[2023-01-06 20:47:12,708] INFO [startup():61] [1500486-139953597986624] Application startup complete.
[2023-01-06 20:47:12,743] INFO [_log_changes():286] [1500441-140237929133888] 1 change detected
[2023-01-06 20:47:12,844] INFO [_log_changes():286] [1500441-140237929133888] 1 change detected
[2023-01-06 20:47:12,944] INFO [_log_changes():286] [1500441-140237929133888] 1 change detected
[2023-01-06 20:47:13,045] INFO [_log_changes():286] [1500441-140237929133888] 1 change detected
[2023-01-06 20:47:13,146] INFO [_log_changes():286] [1500441-140237929133888] 1 change detected
[2023-01-06 20:47:13,247] INFO [_log_changes():286] [1500441-140237929133888] 1 change detected
[2023-01-06 20:47:13,347] INFO [_log_changes():286] [1500441-140237929133888] 1 change detected
[2023-01-06 20:47:13,448] INFO [_log_changes():286] [1500441-140237929133888] 1 change detected
[2023-01-06 20:47:13,549] INFO [_log_changes():286] [1500441-140237929133888] 1 change detected
[2023-01-06 20:47:13,650] INFO [_log_changes():286] [1500441-140237929133888] 1 change detected
[2023-01-06 20:47:13,801] INFO [_log_changes():286] [1500441-140237929133888] 4 changes detected
[2023-01-06 20:47:13,901] INFO [_log_changes():286] [1500441-140237929133888] 1 change detected
[2023-01-06 20:47:14,002] INFO [_log_changes():286] [1500441-140237929133888] 1 change detected
[2023-01-06 20:47:14,103] INFO [_log_changes():286] [1500441-140237929133888] 1 change detected
[2023-01-06 20:47:14,204] INFO [_log_changes():286] [1500441-140237929133888] 1 change detected
[2023-01-06 20:47:14,305] INFO [_log_changes():286] [1500441-140237929133888] 1 change detected
[2023-01-06 20:47:14,406] INFO [_log_changes():286] [1500441-140237929133888] 1 change detected
[2023-01-06 20:47:14,506] INFO [_log_changes():286] [1500441-140237929133888] 1 change detected
[2023-01-06 20:47:14,607] INFO [_log_changes():286] [1500441-140237929133888] 1 change detected
[2023-01-06 20:47:14,708] INFO [_log_changes():286] [1500441-140237929133888] 1 change detected
[2023-01-06 20:47:14,809] INFO [_log_changes():286] [1500441-140237929133888] 1 change detected
[2023-01-06 20:47:14,909] INFO [_log_changes():286] [1500441-140237929133888] 1 change detected
[2023-01-06 20:47:15,010] INFO [_log_changes():286] [1500441-140237929133888] 1 change detected
[2023-01-06 20:47:15,111] INFO [_log_changes():286] [1500441-140237929133888] 1 change detected
[2023-01-06 20:47:15,212] INFO [_log_changes():286] [1500441-140237929133888] 1 change detected
[2023-01-06 20:47:15,313] INFO [_log_changes():286] [1500441-140237929133888] 1 change detected
[2023-01-06 20:47:15,414] INFO [_log_changes():286] [1500441-140237929133888] 1 change detected
[2023-01-06 20:47:15,515] INFO [_log_changes():286] [1500441-140237929133888] 1 change detected
[2023-01-06 20:47:15,616] INFO [_log_changes():286] [1500441-140237929133888] 1 change detected
[2023-01-06 20:47:15,716] INFO [_log_changes():286] [1500441-140237929133888] 1 change detected
[2023-01-06 20:47:15,817] INFO [_log_changes():286] [1500441-140237929133888] 1 change detected
[2023-01-06 20:47:15,918] INFO [_log_changes():286] [1500441-140237929133888] 1 change detected
[2023-01-06 20:47:16,018] INFO [_log_changes():286] [1500441-140237929133888] 1 change detected
[2023-01-06 20:47:16,119] INFO [_log_changes():286] [1500441-140237929133888] 1 change detected
[2023-01-06 20:47:16,220] INFO [_log_changes():286] [1500441-140237929133888] 1 change detected
[2023-01-06 20:47:16,320] INFO [_log_changes():286] [1500441-140237929133888] 1 change detected
[2023-01-06 20:47:16,421] INFO [_log_changes():286] [1500441-140237929133888] 1 change detected
[2023-01-06 20:47:16,522] INFO [_log_changes():286] [1500441-140237929133888] 1 change detected
[2023-01-06 20:47:16,623] INFO [_log_changes():286] [1500441-140237929133888] 1 change detected
[2023-01-06 20:47:16,723] INFO [_log_changes():286] [1500441-140237929133888] 1 change detected
[2023-01-06 20:47:16,824] INFO [_log_changes():286] [1500441-140237929133888] 1 change detected
[2023-01-06 20:47:16,925] INFO [_log_changes():286] [1500441-140237929133888] 1 change detected
[2023-01-06 20:47:17,026] INFO [_log_changes():286] [1500441-140237929133888] 1 change detected
[2023-01-06 20:47:17,127] INFO [_log_changes():286] [1500441-140237929133888] 1 change detected
[2023-01-06 20:47:17,227] INFO [_log_changes():286] [1500441-140237929133888] 1 change detected
[2023-01-06 20:47:17,328] INFO [_log_changes():286] [1500441-140237929133888] 1 change detected
[2023-01-06 20:47:17,429] INFO [_log_changes():286] [1500441-140237929133888] 1 change detected
[2023-01-06 20:47:17,530] INFO [_log_changes():286] [1500441-140237929133888] 1 change detected
[2023-01-06 20:47:17,630] INFO [_log_changes():286] [1500441-140237929133888] 1 change detected
[2023-01-06 20:47:17,731] INFO [_log_changes():286] [1500441-140237929133888] 1 change detected
[2023-01-06 20:47:17,832] INFO [_log_changes():286] [1500441-140237929133888] 1 change detected
[2023-01-06 20:47:17,933] INFO [_log_changes():286] [1500441-140237929133888] 1 change detected
[2023-01-06 20:47:18,034] INFO [_log_changes():286] [1500441-140237929133888] 1 change detected
[2023-01-06 20:47:18,134] INFO [_log_changes():286] [1500441-140237929133888] 1 change detected
[2023-01-06 20:47:18,235] INFO [_log_changes():286] [1500441-140237929133888] 1 change detected
[2023-01-06 20:47:18,336] INFO [_log_changes():286] [1500441-140237929133888] 1 change detected
[2023-01-06 20:47:18,437] INFO [_log_changes():286] [1500441-140237929133888] 1 change detected
[2023-01-06 20:47:18,538] INFO [_log_changes():286] [1500441-140237929133888] 1 change detected
[2023-01-06 20:47:18,639] INFO [_log_changes():286] [1500441-140237929133888] 1 change detected
[2023-01-06 20:47:18,739] INFO [_log_changes():286] [1500441-140237929133888] 1 change detected
[2023-01-06 20:47:18,840] INFO [_log_changes():286] [1500441-140237929133888] 1 change detected
[2023-01-06 20:47:18,941] INFO [_log_changes():286] [1500441-140237929133888] 1 change detected
[2023-01-06 20:47:19,042] INFO [_log_changes():286] [1500441-140237929133888] 1 change detected
[2023-01-06 20:47:19,142] INFO [_log_changes():286] [1500441-140237929133888] 1 change detected
[2023-01-06 20:47:19,243] INFO [_log_changes():286] [1500441-140237929133888] 1 change detected
[2023-01-06 20:47:19,344] INFO [_log_changes():286] [1500441-140237929133888] 1 change detected
[2023-01-06 20:47:19,444] INFO [_log_changes():286] [1500441-140237929133888] 1 change detected
[2023-01-06 20:47:19,545] INFO [_log_changes():286] [1500441-140237929133888] 1 change detected
[2023-01-06 20:47:19,646] INFO [_log_changes():286] [1500441-140237929133888] 1 change detected
[2023-01-06 20:47:19,746] INFO [_log_changes():286] [1500441-140237929133888] 1 change detected
[2023-01-06 20:47:19,847] INFO [_log_changes():286] [1500441-140237929133888] 1 change detected
[2023-01-06 20:47:19,948] INFO [_log_changes():286] [1500441-140237929133888] 1 change detected
[2023-01-06 20:47:20,049] INFO [_log_changes():286] [1500441-140237929133888] 1 change detected
[2023-01-06 20:47:20,149] INFO [_log_changes():286] [1500441-140237929133888] 1 change detected
[2023-01-06 20:47:20,250] INFO [_log_changes():286] [1500441-140237929133888] 1 change detected
[2023-01-06 20:47:20,351] INFO [_log_changes():286] [1500441-140237929133888] 1 change detected
[2023-01-06 20:47:20,452] INFO [_log_changes():286] [1500441-140237929133888] 1 change detected
[2023-01-06 20:47:20,553] INFO [_log_changes():286] [1500441-140237929133888] 1 change detected
[2023-01-06 20:47:20,653] INFO [_log_changes():286] [1500441-140237929133888] 1 change detected
[2023-01-06 20:47:20,754] INFO [_log_changes():286] [1500441-140237929133888] 1 change detected
[2023-01-06 20:47:20,855] INFO [_log_changes():286] [1500441-140237929133888] 1 change detected
[2023-01-06 20:47:20,956] INFO [_log_changes():286] [1500441-140237929133888] 1 change detected
[2023-01-06 20:47:21,056] INFO [_log_changes():286] [1500441-140237929133888] 1 change detected
[2023-01-06 20:47:21,157] INFO [_log_changes():286] [1500441-140237929133888] 1 change detected
[2023-01-06 20:47:21,258] INFO [_log_changes():286] [1500441-140237929133888] 1 change detected
[2023-01-06 20:47:21,359] INFO [_log_changes():286] [1500441-140237929133888] 1 change detected
[2023-01-06 20:47:21,460] INFO [_log_changes():286] [1500441-140237929133888] 1 change detected
[2023-01-06 20:47:21,561] INFO [_log_changes():286] [1500441-140237929133888] 1 change detected
[2023-01-06 20:47:21,662] INFO [_log_changes():286] [1500441-140237929133888] 1 change detected
[2023-01-06 20:47:21,762] INFO [_log_changes():286] [1500441-140237929133888] 1 change detected
[2023-01-06 20:47:21,863] INFO [_log_changes():286] [1500441-140237929133888] 1 change detected
[2023-01-06 20:47:21,964] INFO [_log_changes():286] [1500441-140237929133888] 1 change detected
[2023-01-06 20:47:22,065] INFO [_log_changes():286] [1500441-140237929133888] 1 change detected
[2023-01-06 20:47:22,166] INFO [_log_changes():286] [1500441-140237929133888] 1 change detected
[2023-01-06 20:47:22,267] INFO [_log_changes():286] [1500441-140237929133888] 1 change detected
[2023-01-06 20:47:22,368] INFO [_log_changes():286] [1500441-140237929133888] 1 change detected
[2023-01-06 20:47:22,468] INFO [_log_changes():286] [1500441-140237929133888] 1 change detected
[2023-01-06 20:47:22,569] INFO [_log_changes():286] [1500441-140237929133888] 1 change detected
[2023-01-06 20:47:22,670] INFO [_log_changes():286] [1500441-140237929133888] 1 change detected
[2023-01-06 20:47:22,771] INFO [_log_changes():286] [1500441-140237929133888] 1 change detected
[2023-01-06 20:47:22,872] INFO [_log_changes():286] [1500441-140237929133888] 1 change detected
[2023-01-06 20:47:22,973] INFO [_log_changes():286] [1500441-140237929133888] 1 change detected
[2023-01-06 20:47:23,074] INFO [_log_changes():286] [1500441-140237929133888] 1 change detected
[2023-01-06 20:47:23,175] INFO [_log_changes():286] [1500441-140237929133888] 1 change detected
[2023-01-06 20:47:23,276] INFO [_log_changes():286] [1500441-140237929133888] 1 change detected
[2023-01-06 20:47:23,377] INFO [_log_changes():286] [1500441-140237929133888] 1 change detected
[2023-01-06 20:47:23,478] INFO [_log_changes():286] [1500441-140237929133888] 1 change detected
[2023-01-06 20:47:23,578] INFO [_log_changes():286] [1500441-140237929133888] 1 change detected
[2023-01-06 20:47:23,680] INFO [_log_changes():286] [1500441-140237929133888] 1 change detected
[2023-01-06 20:47:23,781] INFO [_log_changes():286] [1500441-140237929133888] 1 change detected
[2023-01-06 20:47:23,882] INFO [_log_changes():286] [1500441-140237929133888] 1 change detected
[2023-01-06 20:47:23,982] INFO [_log_changes():286] [1500441-140237929133888] 1 change detected
[2023-01-06 20:47:24,083] INFO [_log_changes():286] [1500441-140237929133888] 1 change detected
[2023-01-06 20:47:24,183] INFO [_log_changes():286] [1500441-140237929133888] 1 change detected
[2023-01-06 20:47:24,284] INFO [_log_changes():286] [1500441-140237929133888] 1 change detected
[2023-01-06 20:47:24,385] INFO [_log_changes():286] [1500441-140237929133888] 1 change detected
[2023-01-06 20:47:24,486] INFO [_log_changes():286] [1500441-140237929133888] 1 change detected
[2023-01-06 20:47:24,586] INFO [_log_changes():286] [1500441-140237929133888] 1 change detected
[2023-01-06 20:47:24,687] INFO [_log_changes():286] [1500441-140237929133888] 1 change detected
[2023-01-06 20:47:24,788] INFO [_log_changes():286] [1500441-140237929133888] 1 change detected
[2023-01-06 20:47:24,889] INFO [_log_changes():286] [1500441-140237929133888] 1 change detected
[2023-01-06 20:47:24,990] INFO [_log_changes():286] [1500441-140237929133888] 1 change detected
[2023-01-06 20:47:25,090] INFO [_log_changes():286] [1500441-140237929133888] 1 change detected
[2023-01-06 20:47:25,191] INFO [_log_changes():286] [1500441-140237929133888] 1 change detected
[2023-01-06 20:47:25,292] INFO [_log_changes():286] [1500441-140237929133888] 1 change detected
[2023-01-06 20:47:25,393] INFO [_log_changes():286] [1500441-140237929133888] 1 change detected
[2023-01-06 20:47:25,494] INFO [_log_changes():286] [1500441-140237929133888] 1 change detected
[2023-01-06 20:47:25,594] INFO [_log_changes():286] [1500441-140237929133888] 1 change detected
[2023-01-06 20:47:25,695] INFO [_log_changes():286] [1500441-140237929133888] 1 change detected
[2023-01-06 20:47:25,796] INFO [_log_changes():286] [1500441-140237929133888] 1 change detected
[2023-01-06 20:47:25,896] INFO [_log_changes():286] [1500441-140237929133888] 1 change detected
[2023-01-06 20:47:25,997] INFO [_log_changes():286] [1500441-140237929133888] 1 change detected
[2023-01-06 20:47:26,098] INFO [_log_changes():286] [1500441-140237929133888] 1 change detected
[2023-01-06 20:47:26,199] INFO [_log_changes():286] [1500441-140237929133888] 1 change detected
[2023-01-06 20:47:26,300] INFO [_log_changes():286] [1500441-140237929133888] 1 change detected
[2023-01-06 20:47:26,400] INFO [_log_changes():286] [1500441-140237929133888] 1 change detected
[2023-01-06 20:47:26,502] INFO [_log_changes():286] [1500441-140237929133888] 1 change detected
[2023-01-06 20:47:26,602] INFO [_log_changes():286] [1500441-140237929133888] 1 change detected
[2023-01-06 20:47:26,703] INFO [_log_changes():286] [1500441-140237929133888] 1 change detected
[2023-01-06 20:47:26,804] INFO [_log_changes():286] [1500441-140237929133888] 1 change detected
[2023-01-06 20:47:26,905] INFO [_log_changes():286] [1500441-140237929133888] 1 change detected
[2023-01-06 20:47:27,005] INFO [_log_changes():286] [1500441-140237929133888] 1 change detected
[2023-01-06 20:47:27,106] INFO [_log_changes():286] [1500441-140237929133888] 1 change detected
[2023-01-06 20:47:27,207] INFO [_log_changes():286] [1500441-140237929133888] 1 change detected
[2023-01-06 20:47:27,308] INFO [_log_changes():286] [1500441-140237929133888] 1 change detected
[2023-01-06 20:47:27,409] INFO [_log_changes():286] [1500441-140237929133888] 1 change detected
[2023-01-06 20:47:27,510] INFO [_log_changes():286] [1500441-140237929133888] 1 change detected
[2023-01-06 20:47:27,611] INFO [_log_changes():286] [1500441-140237929133888] 1 change detected
[2023-01-06 20:47:27,711] INFO [_log_changes():286] [1500441-140237929133888] 1 change detected
[2023-01-06 20:47:27,813] INFO [_log_changes():286] [1500441-140237929133888] 1 change detected
[2023-01-06 20:47:27,914] INFO [_log_changes():286] [1500441-140237929133888] 1 change detected
[2023-01-06 20:47:28,015] INFO [_log_changes():286] [1500441-140237929133888] 1 change detected
[2023-01-06 20:47:28,115] INFO [_log_changes():286] [1500441-140237929133888] 1 change detected
[2023-01-06 20:47:28,216] INFO [_log_changes():286] [1500441-140237929133888] 1 change detected
[2023-01-06 20:47:28,317] INFO [_log_changes():286] [1500441-140237929133888] 1 change detected
[2023-01-06 20:47:28,418] INFO [_log_changes():286] [1500441-140237929133888] 1 change detected
[2023-01-06 20:47:28,519] INFO [_log_changes():286] [1500441-140237929133888] 1 change detected
[2023-01-06 20:47:28,620] INFO [_log_changes():286] [1500441-140237929133888] 1 change detected
[2023-01-06 20:47:28,721] INFO [_log_changes():286] [1500441-140237929133888] 1 change detected
[2023-01-06 20:47:28,822] INFO [_log_changes():286] [1500441-140237929133888] 1 change detected
[2023-01-06 20:47:28,923] INFO [_log_changes():286] [1500441-140237929133888] 1 change detected
[2023-01-06 20:47:29,023] INFO [_log_changes():286] [1500441-140237929133888] 1 change detected
[2023-01-06 20:47:29,124] INFO [_log_changes():286] [1500441-140237929133888] 1 change detected
[2023-01-06 20:47:29,225] INFO [_log_changes():286] [1500441-140237929133888] 1 change detected
[2023-01-06 20:47:29,326] INFO [_log_changes():286] [1500441-140237929133888] 1 change detected
[2023-01-06 20:47:29,427] INFO [_log_changes():286] [1500441-140237929133888] 1 change detected
[2023-01-06 20:47:29,527] INFO [_log_changes():286] [1500441-140237929133888] 1 change detected
[2023-01-06 20:47:29,628] INFO [_log_changes():286] [1500441-140237929133888] 1 change detected
[2023-01-06 20:47:29,729] INFO [_log_changes():286] [1500441-140237929133888] 1 change detected
[2023-01-06 20:47:29,830] INFO [_log_changes():286] [1500441-140237929133888] 1 change detected
[2023-01-06 20:47:29,930] INFO [_log_changes():286] [1500441-140237929133888] 1 change detected
[2023-01-06 20:47:30,031] INFO [_log_changes():286] [1500441-140237929133888] 1 change detected
[2023-01-06 20:47:30,132] INFO [_log_changes():286] [1500441-140237929133888] 1 change detected
[2023-01-06 20:47:30,233] INFO [_log_changes():286] [1500441-140237929133888] 1 change detected
[2023-01-06 20:47:30,334] INFO [_log_changes():286] [1500441-140237929133888] 1 change detected
[2023-01-06 20:47:30,435] INFO [_log_changes():286] [1500441-140237929133888] 1 change detected
[2023-01-06 20:47:30,535] INFO [_log_changes():286] [1500441-140237929133888] 1 change detected
[2023-01-06 20:47:30,636] INFO [_log_changes():286] [1500441-140237929133888] 1 change detected
[2023-01-06 20:47:30,736] INFO [_log_changes():286] [1500441-140237929133888] 1 change detected
[2023-01-06 20:47:30,837] INFO [_log_changes():286] [1500441-140237929133888] 1 change detected
[2023-01-06 20:47:30,938] INFO [_log_changes():286] [1500441-140237929133888] 1 change detected
[2023-01-06 20:47:31,038] INFO [_log_changes():286] [1500441-140237929133888] 1 change detected
[2023-01-06 20:47:31,139] INFO [_log_changes():286] [1500441-140237929133888] 1 change detected
[2023-01-06 20:47:31,240] INFO [_log_changes():286] [1500441-140237929133888] 1 change detected
[2023-01-06 20:47:31,341] INFO [_log_changes():286] [1500441-140237929133888] 1 change detected
[2023-01-06 20:47:31,442] INFO [_log_changes():286] [1500441-140237929133888] 1 change detected
[2023-01-06 20:47:31,543] INFO [_log_changes():286] [1500441-140237929133888] 1 change detected
[2023-01-06 20:47:31,643] INFO [_log_changes():286] [1500441-140237929133888] 1 change detected
[2023-01-06 20:47:31,745] INFO [_log_changes():286] [1500441-140237929133888] 1 change detected
[2023-01-06 20:47:31,846] INFO [_log_changes():286] [1500441-140237929133888] 1 change detected
[2023-01-06 20:47:31,947] INFO [_log_changes():286] [1500441-140237929133888] 1 change detected
[2023-01-06 20:47:32,047] INFO [_log_changes():286] [1500441-140237929133888] 1 change detected
[2023-01-06 20:47:32,148] INFO [_log_changes():286] [1500441-140237929133888] 1 change detected
[2023-01-06 20:47:32,249] INFO [_log_changes():286] [1500441-140237929133888] 1 change detected
[2023-01-06 20:47:32,350] INFO [_log_changes():286] [1500441-140237929133888] 1 change detected
[2023-01-06 20:47:32,451] INFO [_log_changes():286] [1500441-140237929133888] 1 change detected
[2023-01-06 20:47:32,551] INFO [_log_changes():286] [1500441-140237929133888] 1 change detected
[2023-01-06 20:47:32,652] INFO [_log_changes():286] [1500441-140237929133888] 1 change detected
[2023-01-06 20:47:32,752] INFO [_log_changes():286] [1500441-140237929133888] 1 change detected
[2023-01-06 20:47:32,853] INFO [_log_changes():286] [1500441-140237929133888] 1 change detected
[2023-01-06 20:47:32,954] INFO [_log_changes():286] [1500441-140237929133888] 1 change detected
[2023-01-06 20:47:33,055] INFO [_log_changes():286] [1500441-140237929133888] 1 change detected
[2023-01-06 20:47:33,156] INFO [_log_changes():286] [1500441-140237929133888] 1 change detected
[2023-01-06 20:47:33,257] INFO [_log_changes():286] [1500441-140237929133888] 1 change detected
[2023-01-06 20:47:33,357] INFO [_log_changes():286] [1500441-140237929133888] 1 change detected
[2023-01-06 20:47:33,458] INFO [_log_changes():286] [1500441-140237929133888] 1 change detected
[2023-01-06 20:47:33,559] INFO [_log_changes():286] [1500441-140237929133888] 1 change detected
[2023-01-06 20:47:33,660] INFO [_log_changes():286] [1500441-140237929133888] 1 change detected
[2023-01-06 20:47:33,760] INFO [_log_changes():286] [1500441-140237929133888] 1 change detected
[2023-01-06 20:47:33,861] INFO [_log_changes():286] [1500441-140237929133888] 1 change detected
[2023-01-06 20:47:33,962] INFO [_log_changes():286] [1500441-140237929133888] 1 change detected
[2023-01-06 20:47:34,063] INFO [_log_changes():286] [1500441-140237929133888] 1 change detected
[2023-01-06 20:47:34,163] INFO [_log_changes():286] [1500441-140237929133888] 1 change detected
[2023-01-06 20:47:34,264] INFO [_log_changes():286] [1500441-140237929133888] 1 change detected
[2023-01-06 20:47:34,365] INFO [_log_changes():286] [1500441-140237929133888] 1 change detected
[2023-01-06 20:47:34,466] INFO [_log_changes():286] [1500441-140237929133888] 1 change detected
[2023-01-06 20:47:34,567] INFO [_log_changes():286] [1500441-140237929133888] 1 change detected
[2023-01-06 20:47:34,668] INFO [_log_changes():286] [1500441-140237929133888] 1 change detected
[2023-01-06 20:47:34,769] INFO [_log_changes():286] [1500441-140237929133888] 1 change detected
[2023-01-06 20:47:34,870] INFO [_log_changes():286] [1500441-140237929133888] 1 change detected
[2023-01-06 20:47:34,970] INFO [_log_changes():286] [1500441-140237929133888] 1 change detected
[2023-01-06 20:47:35,071] INFO [_log_changes():286] [1500441-140237929133888] 1 change detected
[2023-01-06 20:47:35,172] INFO [_log_changes():286] [1500441-140237929133888] 1 change detected
[2023-01-06 20:47:35,273] INFO [_log_changes():286] [1500441-140237929133888] 1 change detected
[2023-01-06 20:47:35,374] INFO [_log_changes():286] [1500441-140237929133888] 1 change detected
[2023-01-06 20:47:35,475] INFO [_log_changes():286] [1500441-140237929133888] 1 change detected
[2023-01-06 20:47:35,576] INFO [_log_changes():286] [1500441-140237929133888] 1 change detected
[2023-01-06 20:47:35,677] INFO [_log_changes():286] [1500441-140237929133888] 1 change detected
[2023-01-06 20:47:35,777] INFO [_log_changes():286] [1500441-140237929133888] 1 change detected
[2023-01-06 20:47:35,878] INFO [_log_changes():286] [1500441-140237929133888] 1 change detected
[2023-01-06 20:47:35,979] INFO [_log_changes():286] [1500441-140237929133888] 1 change detected
[2023-01-06 20:47:36,080] INFO [_log_changes():286] [1500441-140237929133888] 1 change detected
[2023-01-06 20:47:36,180] INFO [_log_changes():286] [1500441-140237929133888] 1 change detected
[2023-01-06 20:47:36,281] INFO [_log_changes():286] [1500441-140237929133888] 1 change detected
[2023-01-06 20:47:36,382] INFO [_log_changes():286] [1500441-140237929133888] 1 change detected
[2023-01-06 20:47:36,483] INFO [_log_changes():286] [1500441-140237929133888] 1 change detected
[2023-01-06 20:47:36,584] INFO [_log_changes():286] [1500441-140237929133888] 1 change detected
[2023-01-06 20:47:36,685] INFO [_log_changes():286] [1500441-140237929133888] 1 change detected
[2023-01-06 20:47:36,785] INFO [_log_changes():286] [1500441-140237929133888] 1 change detected
[2023-01-06 20:47:36,886] INFO [_log_changes():286] [1500441-140237929133888] 1 change detected
[2023-01-06 20:47:36,988] INFO [_log_changes():286] [1500441-140237929133888] 1 change detected
[2023-01-06 20:47:37,080] INFO [send():489] [1500486-139953597986624] 127.0.0.1:43628 - "GET / HTTP/1.1" 404
[2023-01-06 20:47:37,088] INFO [_log_changes():286] [1500441-140237929133888] 1 change detected
[2023-01-06 20:47:37,189] INFO [_log_changes():286] [1500441-140237929133888] 1 change detected
[2023-01-06 20:47:37,290] INFO [_log_changes():286] [1500441-140237929133888] 1 change detected
[2023-01-06 20:47:37,391] INFO [_log_changes():286] [1500441-140237929133888] 1 change detected
[2023-01-06 20:47:37,493] INFO [_log_changes():286] [1500441-140237929133888] 1 change detected
[2023-01-06 20:47:37,593] INFO [_log_changes():286] [1500441-140237929133888] 1 change detected
[2023-01-06 20:47:37,694] INFO [_log_changes():286] [1500441-140237929133888] 1 change detected
[2023-01-06 20:47:37,795] INFO [_log_changes():286] [1500441-140237929133888] 1 change detected
[2023-01-06 20:47:37,896] INFO [_log_changes():286] [1500441-140237929133888] 1 change detected
[2023-01-06 20:47:37,996] INFO [_log_changes():286] [1500441-140237929133888] 1 change detected
[2023-01-06 20:47:38,097] INFO [_log_changes():286] [1500441-140237929133888] 1 change detected
[2023-01-06 20:47:38,198] INFO [_log_changes():286] [1500441-140237929133888] 1 change detected
[2023-01-06 20:47:38,299] INFO [_log_changes():286] [1500441-140237929133888] 1 change detected
[2023-01-06 20:47:38,400] INFO [_log_changes():286] [1500441-140237929133888] 1 change detected
[2023-01-06 20:47:38,500] INFO [_log_changes():286] [1500441-140237929133888] 1 change detected
[2023-01-06 20:47:38,601] INFO [_log_changes():286] [1500441-140237929133888] 1 change detected
[2023-01-06 20:47:38,702] INFO [_log_changes():286] [1500441-140237929133888] 1 change detected
[2023-01-06 20:47:38,803] INFO [_log_changes():286] [1500441-140237929133888] 1 change detected
[2023-01-06 20:47:38,904] INFO [_log_changes():286] [1500441-140237929133888] 1 change detected
[2023-01-06 20:47:39,004] INFO [_log_changes():286] [1500441-140237929133888] 1 change detected
[2023-01-06 20:47:39,105] INFO [_log_changes():286] [1500441-140237929133888] 1 change detected
[2023-01-06 20:47:39,206] INFO [_log_changes():286] [1500441-140237929133888] 1 change detected
[2023-01-06 20:47:39,307] INFO [_log_changes():286] [1500441-140237929133888] 1 change detected
[2023-01-06 20:47:39,408] INFO [_log_changes():286] [1500441-140237929133888] 1 change detected
[2023-01-06 20:47:39,509] INFO [_log_changes():286] [1500441-140237929133888] 1 change detected
[2023-01-06 20:47:39,610] INFO [_log_changes():286] [1500441-140237929133888] 1 change detected
[2023-01-06 20:47:39,711] INFO [_log_changes():286] [1500441-140237929133888] 1 change detected
[2023-01-06 20:47:39,812] INFO [_log_changes():286] [1500441-140237929133888] 1 change detected
[2023-01-06 20:47:39,912] INFO [_log_changes():286] [1500441-140237929133888] 1 change detected
[2023-01-06 20:47:40,013] INFO [_log_changes():286] [1500441-140237929133888] 1 change detected
[2023-01-06 20:47:40,114] INFO [_log_changes():286] [1500441-140237929133888] 1 change detected
[2023-01-06 20:47:40,215] INFO [_log_changes():286] [1500441-140237929133888] 1 change detected
[2023-01-06 20:47:40,316] INFO [_log_changes():286] [1500441-140237929133888] 1 change detected
[2023-01-06 20:47:40,417] INFO [_log_changes():286] [1500441-140237929133888] 1 change detected
[2023-01-06 20:47:40,518] INFO [_log_changes():286] [1500441-140237929133888] 1 change detected
[2023-01-06 20:47:40,618] INFO [_log_changes():286] [1500441-140237929133888] 1 change detected
[2023-01-06 20:47:40,719] INFO [_log_changes():286] [1500441-140237929133888] 1 change detected
[2023-01-06 20:47:40,820] INFO [_log_changes():286] [1500441-140237929133888] 1 change detected
[2023-01-06 20:47:40,921] INFO [_log_changes():286] [1500441-140237929133888] 1 change detected
[2023-01-06 20:47:41,021] INFO [_log_changes():286] [1500441-140237929133888] 1 change detected
[2023-01-06 20:47:41,122] INFO [_log_changes():286] [1500441-140237929133888] 1 change detected
[2023-01-06 20:47:41,223] INFO [_log_changes():286] [1500441-140237929133888] 1 change detected
[2023-01-06 20:47:41,323] INFO [_log_changes():286] [1500441-140237929133888] 1 change detected
[2023-01-06 20:47:41,424] INFO [_log_changes():286] [1500441-140237929133888] 1 change detected
[2023-01-06 20:47:41,525] INFO [_log_changes():286] [1500441-140237929133888] 1 change detected
[2023-01-06 20:47:41,626] INFO [_log_changes():286] [1500441-140237929133888] 1 change detected
[2023-01-06 20:47:41,727] INFO [_log_changes():286] [1500441-140237929133888] 1 change detected
[2023-01-06 20:47:41,828] INFO [_log_changes():286] [1500441-140237929133888] 1 change detected
[2023-01-06 20:47:41,928] INFO [_log_changes():286] [1500441-140237929133888] 1 change detected
[2023-01-06 20:47:42,030] INFO [_log_changes():286] [1500441-140237929133888] 1 change detected
[2023-01-06 20:47:42,130] INFO [_log_changes():286] [1500441-140237929133888] 1 change detected
[2023-01-06 20:47:42,231] INFO [_log_changes():286] [1500441-140237929133888] 1 change detected
[2023-01-06 20:47:42,332] INFO [_log_changes():286] [1500441-140237929133888] 1 change detected
[2023-01-06 20:47:42,433] INFO [_log_changes():286] [1500441-140237929133888] 1 change detected
[2023-01-06 20:47:42,534] INFO [_log_changes():286] [1500441-140237929133888] 1 change detected
[2023-01-06 20:47:42,634] INFO [_log_changes():286] [1500441-140237929133888] 1 change detected
[2023-01-06 20:47:42,735] INFO [_log_changes():286] [1500441-140237929133888] 1 change detected
[2023-01-06 20:47:42,836] INFO [_log_changes():286] [1500441-140237929133888] 1 change detected
[2023-01-06 20:47:42,937] INFO [_log_changes():286] [1500441-140237929133888] 1 change detected
[2023-01-06 20:47:43,037] INFO [_log_changes():286] [1500441-140237929133888] 1 change detected
[2023-01-06 20:47:43,138] INFO [_log_changes():286] [1500441-140237929133888] 1 change detected
[2023-01-06 20:47:43,238] INFO [_log_changes():286] [1500441-140237929133888] 1 change detected
[2023-01-06 20:47:43,339] INFO [_log_changes():286] [1500441-140237929133888] 1 change detected
[2023-01-06 20:47:43,440] INFO [_log_changes():286] [1500441-140237929133888] 1 change detected
[2023-01-06 20:47:43,541] INFO [_log_changes():286] [1500441-140237929133888] 1 change detected
[2023-01-06 20:47:43,641] INFO [_log_changes():286] [1500441-140237929133888] 1 change detected
[2023-01-06 20:47:43,742] INFO [_log_changes():286] [1500441-140237929133888] 1 change detected
[2023-01-06 20:47:43,842] INFO [_log_changes():286] [1500441-140237929133888] 1 change detected
[2023-01-06 20:47:43,943] INFO [_log_changes():286] [1500441-140237929133888] 1 change detected
[2023-01-06 20:47:44,044] INFO [_log_changes():286] [1500441-140237929133888] 1 change detected
[2023-01-06 20:47:44,145] INFO [_log_changes():286] [1500441-140237929133888] 1 change detected
[2023-01-06 20:47:44,246] INFO [_log_changes():286] [1500441-140237929133888] 1 change detected
[2023-01-06 20:47:44,347] INFO [_log_changes():286] [1500441-140237929133888] 1 change detected
[2023-01-06 20:47:44,447] INFO [_log_changes():286] [1500441-140237929133888] 1 change detected
[2023-01-06 20:47:44,548] INFO [_log_changes():286] [1500441-140237929133888] 1 change detected
[2023-01-06 20:47:44,649] INFO [_log_changes():286] [1500441-140237929133888] 1 change detected
[2023-01-06 20:47:44,750] INFO [_log_changes():286] [1500441-140237929133888] 1 change detected
[2023-01-06 20:47:44,850] INFO [_log_changes():286] [1500441-140237929133888] 1 change detected
[2023-01-06 20:47:44,952] INFO [_log_changes():286] [1500441-140237929133888] 1 change detected
[2023-01-06 20:47:45,052] INFO [_log_changes():286] [1500441-140237929133888] 1 change detected
[2023-01-06 20:47:45,153] INFO [_log_changes():286] [1500441-140237929133888] 1 change detected
[2023-01-06 20:47:45,254] INFO [_log_changes():286] [1500441-140237929133888] 1 change detected
[2023-01-06 20:47:45,355] INFO [_log_changes():286] [1500441-140237929133888] 1 change detected
[2023-01-06 20:47:45,455] INFO [_log_changes():286] [1500441-140237929133888] 1 change detected
[2023-01-06 20:47:45,556] INFO [_log_changes():286] [1500441-140237929133888] 1 change detected
[2023-01-06 20:47:45,657] INFO [_log_changes():286] [1500441-140237929133888] 1 change detected
[2023-01-06 20:47:45,758] INFO [_log_changes():286] [1500441-140237929133888] 1 change detected
[2023-01-06 20:47:45,859] INFO [_log_changes():286] [1500441-140237929133888] 1 change detected
[2023-01-06 20:47:45,959] INFO [_log_changes():286] [1500441-140237929133888] 1 change detected
[2023-01-06 20:47:46,060] INFO [_log_changes():286] [1500441-140237929133888] 1 change detected
[2023-01-06 20:47:46,160] INFO [_log_changes():286] [1500441-140237929133888] 1 change detected
[2023-01-06 20:47:46,261] INFO [_log_changes():286] [1500441-140237929133888] 1 change detected
[2023-01-06 20:47:46,361] INFO [_log_changes():286] [1500441-140237929133888] 1 change detected
[2023-01-06 20:47:46,462] INFO [_log_changes():286] [1500441-140237929133888] 1 change detected
[2023-01-06 20:47:46,563] INFO [_log_changes():286] [1500441-140237929133888] 1 change detected
[2023-01-06 20:47:46,663] INFO [_log_changes():286] [1500441-140237929133888] 1 change detected
[2023-01-06 20:47:46,764] INFO [_log_changes():286] [1500441-140237929133888] 1 change detected
[2023-01-06 20:47:46,864] INFO [_log_changes():286] [1500441-140237929133888] 1 change detected
[2023-01-06 20:47:46,965] INFO [_log_changes():286] [1500441-140237929133888] 1 change detected
[2023-01-06 20:47:47,066] INFO [_log_changes():286] [1500441-140237929133888] 1 change detected
[2023-01-06 20:47:47,167] INFO [_log_changes():286] [1500441-140237929133888] 1 change detected
[2023-01-06 20:47:47,267] INFO [_log_changes():286] [1500441-140237929133888] 1 change detected
[2023-01-06 20:47:47,368] INFO [_log_changes():286] [1500441-140237929133888] 1 change detected
[2023-01-06 20:47:47,469] INFO [_log_changes():286] [1500441-140237929133888] 1 change detected
[2023-01-06 20:47:47,570] INFO [_log_changes():286] [1500441-140237929133888] 1 change detected
[2023-01-06 20:47:47,671] INFO [_log_changes():286] [1500441-140237929133888] 1 change detected
[2023-01-06 20:47:47,771] INFO [_log_changes():286] [1500441-140237929133888] 1 change detected
[2023-01-06 20:47:47,872] INFO [_log_changes():286] [1500441-140237929133888] 1 change detected
[2023-01-06 20:47:47,973] INFO [_log_changes():286] [1500441-140237929133888] 1 change detected
[2023-01-06 20:47:48,074] INFO [_log_changes():286] [1500441-140237929133888] 1 change detected
[2023-01-06 20:47:48,175] INFO [_log_changes():286] [1500441-140237929133888] 1 change detected
[2023-01-06 20:47:48,276] INFO [_log_changes():286] [1500441-140237929133888] 1 change detected
[2023-01-06 20:47:48,377] INFO [_log_changes():286] [1500441-140237929133888] 1 change detected
[2023-01-06 20:47:48,478] INFO [_log_changes():286] [1500441-140237929133888] 1 change detected
[2023-01-06 20:47:48,579] INFO [_log_changes():286] [1500441-140237929133888] 1 change detected
[2023-01-06 20:47:48,679] INFO [_log_changes():286] [1500441-140237929133888] 1 change detected
[2023-01-06 20:47:48,780] INFO [_log_changes():286] [1500441-140237929133888] 1 change detected
[2023-01-06 20:47:48,881] INFO [_log_changes():286] [1500441-140237929133888] 1 change detected
[2023-01-06 20:47:48,982] INFO [_log_changes():286] [1500441-140237929133888] 1 change detected
[2023-01-06 20:47:49,083] INFO [_log_changes():286] [1500441-140237929133888] 1 change detected
[2023-01-06 20:47:49,183] INFO [_log_changes():286] [1500441-140237929133888] 1 change detected
[2023-01-06 20:47:49,284] INFO [_log_changes():286] [1500441-140237929133888] 1 change detected
[2023-01-06 20:47:49,385] INFO [_log_changes():286] [1500441-140237929133888] 1 change detected
[2023-01-06 20:47:49,486] INFO [_log_changes():286] [1500441-140237929133888] 1 change detected
[2023-01-06 20:47:49,586] INFO [_log_changes():286] [1500441-140237929133888] 1 change detected
[2023-01-06 20:47:49,687] INFO [_log_changes():286] [1500441-140237929133888] 1 change detected
[2023-01-06 20:47:49,788] INFO [_log_changes():286] [1500441-140237929133888] 1 change detected
[2023-01-06 20:47:49,889] INFO [_log_changes():286] [1500441-140237929133888] 1 change detected
[2023-01-06 20:47:49,990] INFO [_log_changes():286] [1500441-140237929133888] 1 change detected
[2023-01-06 20:47:50,090] INFO [_log_changes():286] [1500441-140237929133888] 1 change detected
[2023-01-06 20:47:50,191] INFO [_log_changes():286] [1500441-140237929133888] 1 change detected
[2023-01-06 20:47:50,292] INFO [_log_changes():286] [1500441-140237929133888] 1 change detected
[2023-01-06 20:47:50,393] INFO [_log_changes():286] [1500441-140237929133888] 1 change detected
[2023-01-06 20:47:50,493] INFO [_log_changes():286] [1500441-140237929133888] 1 change detected
[2023-01-06 20:47:50,594] INFO [_log_changes():286] [1500441-140237929133888] 1 change detected
[2023-01-06 20:47:50,696] INFO [_log_changes():286] [1500441-140237929133888] 1 change detected
[2023-01-06 20:47:50,797] INFO [_log_changes():286] [1500441-140237929133888] 1 change detected
[2023-01-06 20:47:50,897] INFO [_log_changes():286] [1500441-140237929133888] 1 change detected
[2023-01-06 20:47:50,998] INFO [_log_changes():286] [1500441-140237929133888] 1 change detected
[2023-01-06 20:47:51,099] INFO [_log_changes():286] [1500441-140237929133888] 1 change detected
[2023-01-06 20:47:51,200] INFO [_log_changes():286] [1500441-140237929133888] 1 change detected
[2023-01-06 20:47:51,301] INFO [_log_changes():286] [1500441-140237929133888] 1 change detected
[2023-01-06 20:47:51,402] INFO [_log_changes():286] [1500441-140237929133888] 1 change detected
[2023-01-06 20:47:51,502] INFO [_log_changes():286] [1500441-140237929133888] 1 change detected
[2023-01-06 20:47:51,603] INFO [_log_changes():286] [1500441-140237929133888] 1 change detected
[2023-01-06 20:47:51,704] INFO [_log_changes():286] [1500441-140237929133888] 1 change detected
[2023-01-06 20:47:51,805] INFO [_log_changes():286] [1500441-140237929133888] 1 change detected
[2023-01-06 20:47:51,905] INFO [_log_changes():286] [1500441-140237929133888] 1 change detected
[2023-01-06 20:47:52,006] INFO [_log_changes():286] [1500441-140237929133888] 1 change detected
[2023-01-06 20:47:52,107] INFO [_log_changes():286] [1500441-140237929133888] 1 change detected
[2023-01-06 20:47:52,207] INFO [_log_changes():286] [1500441-140237929133888] 1 change detected
[2023-01-06 20:47:52,305] INFO [shutdown():255] [1500486-139953597986624] Shutting down
[2023-01-06 20:47:52,406] INFO [shutdown():66] [1500486-139953597986624] Waiting for application shutdown.
[2023-01-06 20:47:52,406] INFO [shutdown():77] [1500486-139953597986624] Application shutdown complete.
[2023-01-06 20:47:52,406] INFO [serve():85] [1500486-139953597986624] Finished server process [1500486]
[2023-01-06 20:47:52,811] INFO [shutdown():103] [1500441-140237929133888] Stopping reloader process [1500441]
